2025-07-07 23:25:36,898 - __main__ - INFO - Starting KubeWire application
2025-07-07 23:25:36,898 - __main__ - INFO - Reading configuration from /Users/zedven/IdeaProjects/KubeWire/config.yml
2025-07-07 23:25:44,346 - __main__ - INFO - Received signal 2, shutting down...
2025-07-07 23:25:48,703 - __main__ - INFO - Starting KubeWire application
2025-07-07 23:25:48,703 - __main__ - INFO - Reading configuration from /Users/zedven/IdeaProjects/KubeWire/config.yml
2025-07-07 23:25:52,136 - __main__ - INFO - Received signal 2, shutting down...
2025-07-07 23:25:56,024 - __main__ - INFO - Starting KubeWire application
2025-07-07 23:25:56,025 - __main__ - INFO - Reading configuration from /Users/zedven/IdeaProjects/KubeWire/config.yml
2025-07-07 23:28:10,906 - __main__ - INFO - Received signal 2, shutting down...
2025-07-07 23:29:28,460 - __main__ - INFO - Starting port-forward: kubectl port-forward --context=arn:aws:eks:eu-west-1:177734401659:cluster/EksTicketDevV1 --namespace=d4i service/booking-order-api 8083:80
2025-07-07 23:29:28,468 - __main__ - INFO - Starting port-forward: kubectl port-forward --context=arn:aws:eks:eu-west-1:177734401659:cluster/EksTicketDevV1 --namespace=d4i service/identity-server 8093:80
2025-07-07 23:29:28,473 - __main__ - INFO - Starting port-forward: kubectl port-forward --context=arn:aws:eks:eu-west-1:177734401659:cluster/EksTicketDevV1 --namespace=d4i service/search-engine-api 8088:80
2025-07-07 23:29:28,476 - __main__ - INFO - Starting port-forward: kubectl port-forward --context=arn:aws:eks:eu-west-1:177734401659:cluster/EksTicketDevV1 --namespace=d4i service/product-api 8080:80
2025-07-07 23:29:28,479 - __main__ - INFO - Starting port-forward: kubectl port-forward --context=arn:aws:eks:eu-west-1:177734401659:cluster/EksTicketDevV1 --namespace=d4i service/client-api 8094:80
2025-07-07 23:29:28,481 - __main__ - INFO - Starting port-forward: kubectl port-forward --context=arn:aws:eks:eu-west-1:177734401659:cluster/EksTicketDevV1 --namespace=d4i service/notification-api 8085:80
2025-07-07 23:29:28,492 - __main__ - INFO - Starting port-forward: kubectl port-forward --context=arn:aws:eks:eu-west-1:177734401659:cluster/EksTicketDevV1 --namespace=d4i service/batch 8990:80
2025-07-07 23:29:28,495 - __main__ - INFO - Starting port-forward: kubectl port-forward --context=arn:aws:eks:eu-west-1:177734401659:cluster/EksTicketDevV1 --namespace=d4i service/supplier-engine-api 8086:80
2025-07-07 23:29:28,497 - __main__ - INFO - Starting port-forward: kubectl port-forward --context=arn:aws:eks:eu-west-1:177734401659:cluster/EksTicketDevV1 --namespace=d4i service/storage-api 8087:80
2025-07-07 23:29:29,511 - __main__ - INFO - Port-forward started for booking-order-api:8083
2025-07-07 23:29:29,511 - __main__ - INFO - Port-forward started for identity-server:8093
2025-07-07 23:29:29,512 - __main__ - INFO - Port-forward started for search-engine-api:8088
2025-07-07 23:29:29,512 - __main__ - INFO - Port-forward started for product-api:8080
2025-07-07 23:29:29,512 - __main__ - INFO - Port-forward started for client-api:8094
2025-07-07 23:29:29,512 - __main__ - INFO - Port-forward started for notification-api:8085
2025-07-07 23:29:29,512 - __main__ - INFO - Port-forward started for batch:8990
2025-07-07 23:29:29,512 - __main__ - INFO - Port-forward started for supplier-engine-api:8086
2025-07-07 23:29:29,512 - __main__ - INFO - Port-forward started for storage-api:8087
2025-07-07 23:29:30,528 - __main__ - ERROR - Error in main loop: 'Process' object has no attribute 'poll'
2025-07-07 23:29:32,545 - __main__ - ERROR - Error in main loop: 'Process' object has no attribute 'poll'
2025-07-07 23:29:34,560 - __main__ - ERROR - Error in main loop: 'Process' object has no attribute 'poll'
2025-07-07 23:29:36,573 - __main__ - ERROR - Error in main loop: 'Process' object has no attribute 'poll'
2025-07-07 23:29:38,582 - __main__ - ERROR - Error in main loop: 'Process' object has no attribute 'poll'
2025-07-07 23:29:40,591 - __main__ - ERROR - Error in main loop: 'Process' object has no attribute 'poll'
2025-07-07 23:29:42,597 - __main__ - ERROR - Error in main loop: 'Process' object has no attribute 'poll'
2025-07-07 23:29:44,603 - __main__ - ERROR - Error in main loop: 'Process' object has no attribute 'poll'
2025-07-07 23:29:46,608 - __main__ - ERROR - Error in main loop: 'Process' object has no attribute 'poll'
2025-07-07 23:29:48,624 - __main__ - ERROR - Error in main loop: 'Process' object has no attribute 'poll'
2025-07-07 23:29:49,900 - __main__ - INFO - Received signal 2, shutting down...
2025-07-07 23:29:50,626 - __main__ - ERROR - Error stopping process for Pod(arn:aws:eks:eu-west-1:177734401659:cluster/EksTicketDevV1/d4i/booking-order-api:8083): 
2025-07-07 23:29:50,626 - __main__ - ERROR - Error stopping process for Pod(arn:aws:eks:eu-west-1:177734401659:cluster/EksTicketDevV1/d4i/identity-server:8093): 
2025-07-07 23:29:50,626 - __main__ - ERROR - Error stopping process for Pod(arn:aws:eks:eu-west-1:177734401659:cluster/EksTicketDevV1/d4i/search-engine-api:8088): 
2025-07-07 23:29:50,626 - __main__ - ERROR - Error stopping process for Pod(arn:aws:eks:eu-west-1:177734401659:cluster/EksTicketDevV1/d4i/product-api:8080): 
2025-07-07 23:29:50,626 - __main__ - ERROR - Error stopping process for Pod(arn:aws:eks:eu-west-1:177734401659:cluster/EksTicketDevV1/d4i/client-api:8094): 
2025-07-07 23:29:50,626 - __main__ - ERROR - Error stopping process for Pod(arn:aws:eks:eu-west-1:177734401659:cluster/EksTicketDevV1/d4i/notification-api:8085): 
2025-07-07 23:29:50,627 - __main__ - ERROR - Error stopping process for Pod(arn:aws:eks:eu-west-1:177734401659:cluster/EksTicketDevV1/d4i/batch:8990): 
2025-07-07 23:29:50,627 - __main__ - ERROR - Error stopping process for Pod(arn:aws:eks:eu-west-1:177734401659:cluster/EksTicketDevV1/d4i/supplier-engine-api:8086): 
2025-07-07 23:29:50,627 - __main__ - ERROR - Error stopping process for Pod(arn:aws:eks:eu-west-1:177734401659:cluster/EksTicketDevV1/d4i/storage-api:8087): 
2025-07-07 23:29:50,787 - __main__ - INFO - Starting KubeWire application
2025-07-07 23:29:50,787 - __main__ - INFO - Reading configuration from /Users/zedven/IdeaProjects/KubeWire/config.yml
2025-07-07 23:29:56,363 - __main__ - INFO - Received signal 2, shutting down...
